<?xml version="1.0" encoding="UTF-8"?>
<testng-results total="2" passed="2" failed="0" skipped="0">
  <reporter-output>
  </reporter-output>
  <suite started-at="2024-01-21T02:59:39Z" name="FirstTest" finished-at="2024-01-21T02:59:51Z" duration-ms="11842">
    <groups>
    </groups>
    <test started-at="2024-01-21T02:59:39Z" name="Command line test" finished-at="2024-01-21T02:59:51Z" duration-ms="11842">
      <class name="FirstTest">
        <test-method is-config="true" signature="setUpMethod()[pri:0, instance:FirstTest@587d1d39]" started-at="2024-01-20T20:59:39Z" name="setUpMethod" finished-at="2024-01-20T20:59:39Z" duration-ms="10" status="PASS">
          <reporter-output>
          </reporter-output>
        </test-method> <!-- setUpMethod -->
        <test-method signature="testITExpert()[pri:0, instance:FirstTest@587d1d39]" started-at="2024-01-20T20:59:39Z" name="testITExpert" finished-at="2024-01-20T20:59:44Z" duration-ms="5275" status="PASS">
          <reporter-output>
          </reporter-output>
        </test-method> <!-- testITExpert -->
        <test-method is-config="true" signature="close()[pri:0, instance:FirstTest@587d1d39]" started-at="2024-01-20T20:59:44Z" name="close" finished-at="2024-01-20T20:59:44Z" duration-ms="351" status="PASS">
          <reporter-output>
          </reporter-output>
        </test-method> <!-- close -->
        <test-method is-config="true" signature="setUpMethod()[pri:0, instance:FirstTest@587d1d39]" started-at="2024-01-20T20:59:44Z" name="setUpMethod" finished-at="2024-01-20T20:59:44Z" duration-ms="1" status="PASS">
          <reporter-output>
          </reporter-output>
        </test-method> <!-- setUpMethod -->
        <test-method signature="testInfoTekguide()[pri:0, instance:FirstTest@587d1d39]" started-at="2024-01-20T20:59:44Z" name="testInfoTekguide" finished-at="2024-01-20T20:59:50Z" duration-ms="5910" status="PASS">
          <reporter-output>
          </reporter-output>
        </test-method> <!-- testInfoTekguide -->
        <test-method is-config="true" signature="close()[pri:0, instance:FirstTest@587d1d39]" started-at="2024-01-20T20:59:50Z" name="close" finished-at="2024-01-20T20:59:51Z" duration-ms="278" status="PASS">
          <reporter-output>
          </reporter-output>
        </test-method> <!-- close -->
      </class> <!-- FirstTest -->
    </test> <!-- Command line test -->
  </suite> <!-- FirstTest -->
</testng-results>
